<?xml version="1.0" encoding="UTF-8" standalone="yes" ?>
<test-results name="D:\Delphi\horse_middlewares\horse-rate-limit\samples\tests\HorseRateLimitTests.exe" total="4" errors="0" failures="0" ignored="0" inconclusive="0" not-run="0" skipped="0" invalid="0" date="2026-07-10" time="5.682">
  <culture-info current-culture="en" current-uiculture="en" />
  <test-suite type="Assembly" name="HorseRateLimitTests.exe" executed="true" result="Success" success="True" time="5.682" asserts="0">
    <results>
        <test-suite type="Namespace" name="Tests" executed="true" result="Success" success="True" time="5.682" asserts="0" >
          <results>
              <test-suite type="Fixture" name="TTestIntegrationRateLimit" executed="True" result="Success" success="True" time="5.682" >
                <results>
                  <test-case name="TestLimitDefault" executed="True" result="Success" success="True" time="2.600" asserts="0" />
                  <test-case name="TestCustomKeyGenerator" executed="True" result="Success" success="True" time="0.003" asserts="0" />
                  <test-case name="TestCustomErrorMessage" executed="True" result="Success" success="True" time="0.004" asserts="0" />
                  <test-case name="TestConcurrency" executed="True" result="Success" success="True" time="0.037" asserts="0" />
                </results>
              </test-suite>
          </results>
        </test-suite>
    </results>
  </test-suite>
</test-results>
