<?xml version="1.0" encoding="UTF-8" standalone="yes" ?>
<test-results name="D:\Delphi\horse_middlewares\horse-rate-limit\samples\tests\HorseRateLimitTests.exe" total="10" errors="0" failures="0" ignored="0" inconclusive="0" not-run="0" skipped="0" invalid="0" date="2026-07-10" time="5.714">
  <culture-info current-culture="en" current-uiculture="en" />
  <test-suite type="Assembly" name="HorseRateLimitTests.exe" executed="true" result="Success" success="True" time="5.714" asserts="0">
    <results>
        <test-suite type="Namespace" name="Tests" executed="true" result="Success" success="True" time="5.714" asserts="0" >
          <results>
              <test-suite type="Fixture" name="TTestIntegrationRateLimit" executed="True" result="Success" success="True" time="5.714" >
                <results>
                  <test-case name="TestLimitDefault" executed="True" result="Success" success="True" time="2.562" asserts="0" />
                  <test-case name="TestCustomKeyGenerator" executed="True" result="Success" success="True" time="0.022" asserts="0" />
                  <test-case name="TestCustomErrorMessage" executed="True" result="Success" success="True" time="0.010" asserts="0" />
                  <test-case name="TestConcurrency" executed="True" result="Success" success="True" time="0.046" asserts="0" />
                  <test-case name="TestSlidingWindow" executed="True" result="Success" success="True" time="0.012" asserts="0" />
                  <test-case name="TestWhitelistBlacklist" executed="True" result="Success" success="True" time="0.004" asserts="0" />
                  <test-case name="TestSkipWhen" executed="True" result="Success" success="True" time="0.008" asserts="0" />
                  <test-case name="TestTrustProxy" executed="True" result="Success" success="True" time="0.005" asserts="0" />
                  <test-case name="TestCustomErrorJSON" executed="True" result="Success" success="True" time="0.008" asserts="0" />
                  <test-case name="TestRedisStorageMock" executed="True" result="Success" success="True" time="0.000" asserts="0" />
                </results>
              </test-suite>
          </results>
        </test-suite>
    </results>
  </test-suite>
</test-results>
